<?xml version="1.0" encoding="UTF-8"?>
<coverage generated="1773017640795" clover="3.2.0">
  <project timestamp="1773017640795" name="All files">
    <metrics statements="24" coveredstatements="20" conditionals="10" coveredconditionals="6" methods="24" coveredmethods="18" elements="58" coveredelements="44" complexity="0" loc="24" ncloc="24" packages="2" files="2" classes="2"/>
    <package name="components">
      <metrics statements="13" coveredstatements="11" conditionals="8" coveredconditionals="5" methods="8" coveredmethods="6"/>
      <file name="TaskCard.tsx" path="/home/ally/Documents/GitHub/taskManager/src/components/TaskCard.tsx">
        <metrics statements="13" coveredstatements="11" conditionals="8" coveredconditionals="5" methods="8" coveredmethods="6"/>
        <line num="7" count="5" type="stmt"/>
        <line num="8" count="5" type="stmt"/>
        <line num="10" count="5" type="stmt"/>
        <line num="11" count="1" type="stmt"/>
        <line num="18" count="1" type="stmt"/>
        <line num="22" count="1" type="cond" truecount="1" falsecount="1"/>
        <line num="23" count="1" type="stmt"/>
        <line num="24" count="1" type="stmt"/>
        <line num="29" count="0" type="stmt"/>
        <line num="32" count="5" type="stmt"/>
        <line num="40" count="1" type="stmt"/>
        <line num="55" count="0" type="stmt"/>
        <line num="62" count="1" type="stmt"/>
      </file>
    </package>
    <package name="store">
      <metrics statements="11" coveredstatements="9" conditionals="2" coveredconditionals="1" methods="16" coveredmethods="12"/>
      <file name="taskStore.tsx" path="/home/ally/Documents/GitHub/taskManager/src/store/taskStore.tsx">
        <metrics statements="11" coveredstatements="9" conditionals="2" coveredconditionals="1" methods="16" coveredmethods="12"/>
        <line num="5" count="1" type="stmt"/>
        <line num="7" count="1" type="stmt"/>
        <line num="12" count="3" type="stmt"/>
        <line num="16" count="1" type="stmt"/>
        <line num="17" count="1" type="stmt"/>
        <line num="20" count="1" type="stmt"/>
        <line num="22" count="1" type="cond" truecount="1" falsecount="1"/>
        <line num="26" count="1" type="stmt"/>
        <line num="31" count="0" type="stmt"/>
        <line num="36" count="0" type="stmt"/>
        <line num="43" count="10" type="stmt"/>
      </file>
    </package>
  </project>
</coverage>
