{"/home/ally/Documents/GitHub/taskManager/src/components/TaskCard.tsx": {"path":"/home/ally/Documents/GitHub/taskManager/src/components/TaskCard.tsx","statementMap":{"0":{"start":{"line":7,"column":49},"end":{"line":7,"column":null}},"1":{"start":{"line":8,"column":38},"end":{"line":8,"column":null}},"2":{"start":{"line":10,"column":33},"end":{"line":15,"column":null}},"3":{"start":{"line":11,"column":4},"end":{"line":14,"column":null}},"4":{"start":{"line":18,"column":4},"end":{"line":18,"column":null}},"5":{"start":{"line":22,"column":4},"end":{"line":25,"column":null}},"6":{"start":{"line":23,"column":6},"end":{"line":23,"column":null}},"7":{"start":{"line":24,"column":6},"end":{"line":24,"column":null}},"8":{"start":{"line":29,"column":4},"end":{"line":29,"column":null}},"9":{"start":{"line":32,"column":2},"end":{"line":96,"column":null}},"10":{"start":{"line":40,"column":12},"end":{"line":40,"column":null}},"11":{"start":{"line":55,"column":27},"end":{"line":55,"column":null}},"12":{"start":{"line":62,"column":27},"end":{"line":62,"column":null}}},"fnMap":{"0":{"name":"TaskCard","decl":{"start":{"line":6,"column":24},"end":{"line":6,"column":33}},"loc":{"start":{"line":6,"column":59},"end":{"line":98,"column":null}},"line":6},"1":{"name":"(anonymous_1)","decl":{"start":{"line":10,"column":33},"end":{"line":10,"column":39}},"loc":{"start":{"line":10,"column":39},"end":{"line":15,"column":null}},"line":10},"2":{"name":"handleRequestDelete","decl":{"start":{"line":17,"column":11},"end":{"line":17,"column":31}},"loc":{"start":{"line":17,"column":47},"end":{"line":19,"column":null}},"line":17},"3":{"name":"confirmDelete","decl":{"start":{"line":21,"column":11},"end":{"line":21,"column":27}},"loc":{"start":{"line":21,"column":27},"end":{"line":26,"column":null}},"line":21},"4":{"name":"cancelDelete","decl":{"start":{"line":28,"column":11},"end":{"line":28,"column":26}},"loc":{"start":{"line":28,"column":26},"end":{"line":30,"column":null}},"line":28},"5":{"name":"(anonymous_5)","decl":{"start":{"line":39,"column":20},"end":{"line":39,"column":26}},"loc":{"start":{"line":39,"column":26},"end":{"line":41,"column":null}},"line":39},"6":{"name":"(anonymous_6)","decl":{"start":{"line":55,"column":21},"end":{"line":55,"column":27}},"loc":{"start":{"line":55,"column":27},"end":{"line":55,"column":null}},"line":55},"7":{"name":"(anonymous_7)","decl":{"start":{"line":62,"column":21},"end":{"line":62,"column":27}},"loc":{"start":{"line":62,"column":27},"end":{"line":62,"column":null}},"line":62}},"branchMap":{"0":{"loc":{"start":{"line":22,"column":4},"end":{"line":25,"column":null}},"type":"if","locations":[{"start":{"line":22,"column":4},"end":{"line":25,"column":null}},{"start":{},"end":{}}],"line":22},"1":{"loc":{"start":{"line":42,"column":66},"end":{"line":42,"column":107}},"type":"cond-expr","locations":[{"start":{"line":42,"column":83},"end":{"line":42,"column":96}},{"start":{"line":42,"column":96},"end":{"line":42,"column":107}}],"line":42},"2":{"loc":{"start":{"line":47,"column":9},"end":{"line":51,"column":null}},"type":"cond-expr","locations":[{"start":{"line":48,"column":10},"end":{"line":50,"column":null}},{"start":{"line":51,"column":12},"end":{"line":51,"column":null}}],"line":47},"3":{"loc":{"start":{"line":69,"column":7},"end":{"line":94,"column":null}},"type":"binary-expr","locations":[{"start":{"line":69,"column":7},"end":{"line":69,"column":null}},{"start":{"line":70,"column":8},"end":{"line":94,"column":null}}],"line":69}},"s":{"0":5,"1":5,"2":5,"3":1,"4":1,"5":1,"6":1,"7":1,"8":0,"9":5,"10":1,"11":0,"12":1},"f":{"0":5,"1":1,"2":1,"3":1,"4":0,"5":1,"6":0,"7":1},"b":{"0":[1,0],"1":[0,5],"2":[0,5],"3":[5,1]},"meta":{"lastBranch":4,"lastFunction":8,"lastStatement":13,"seen":{"f:6:24:6:33":0,"s:7:49:7:Infinity":0,"s:8:38:8:Infinity":1,"s:10:33:15:Infinity":2,"f:10:33:10:39":1,"s:11:4:14:Infinity":3,"f:17:11:17:31":2,"s:18:4:18:Infinity":4,"f:21:11:21:27":3,"b:22:4:25:Infinity:undefined:undefined:undefined:undefined":0,"s:22:4:25:Infinity":5,"s:23:6:23:Infinity":6,"s:24:6:24:Infinity":7,"f:28:11:28:26":4,"s:29:4:29:Infinity":8,"s:32:2:96:Infinity":9,"f:39:20:39:26":5,"s:40:12:40:Infinity":10,"b:42:83:42:96:42:96:42:107":1,"b:48:10:50:Infinity:51:12:51:Infinity":2,"f:55:21:55:27":6,"s:55:27:55:Infinity":11,"f:62:21:62:27":7,"s:62:27:62:Infinity":12,"b:69:7:69:Infinity:70:8:94:Infinity":3}}}
,"/home/ally/Documents/GitHub/taskManager/src/store/taskStore.tsx": {"path":"/home/ally/Documents/GitHub/taskManager/src/store/taskStore.tsx","statementMap":{"0":{"start":{"line":5,"column":13},"end":{"line":49,"column":null}},"1":{"start":{"line":7,"column":14},"end":{"line":40,"column":null}},"2":{"start":{"line":12,"column":8},"end":{"line":14,"column":null}},"3":{"start":{"line":12,"column":24},"end":{"line":14,"column":10}},"4":{"start":{"line":16,"column":8},"end":{"line":18,"column":null}},"5":{"start":{"line":16,"column":24},"end":{"line":18,"column":10}},"6":{"start":{"line":17,"column":46},"end":{"line":17,"column":60}},"7":{"start":{"line":20,"column":8},"end":{"line":24,"column":null}},"8":{"start":{"line":20,"column":24},"end":{"line":24,"column":10}},"9":{"start":{"line":22,"column":12},"end":{"line":22,"column":null}},"10":{"start":{"line":26,"column":8},"end":{"line":29,"column":null}},"11":{"start":{"line":26,"column":24},"end":{"line":29,"column":10}},"12":{"start":{"line":31,"column":8},"end":{"line":34,"column":null}},"13":{"start":{"line":31,"column":24},"end":{"line":34,"column":10}},"14":{"start":{"line":36,"column":8},"end":{"line":39,"column":null}},"15":{"start":{"line":36,"column":24},"end":{"line":39,"column":10}},"16":{"start":{"line":43,"column":30},"end":{"line":46,"column":null}}},"fnMap":{"0":{"name":"(anonymous_0)","decl":{"start":{"line":7,"column":4},"end":{"line":7,"column":5}},"loc":{"start":{"line":7,"column":14},"end":{"line":40,"column":null}},"line":7},"1":{"name":"(anonymous_1)","decl":{"start":{"line":11,"column":15},"end":{"line":11,"column":16}},"loc":{"start":{"line":12,"column":8},"end":{"line":14,"column":null}},"line":12},"2":{"name":"(anonymous_2)","decl":{"start":{"line":12,"column":12},"end":{"line":12,"column":13}},"loc":{"start":{"line":12,"column":24},"end":{"line":14,"column":10}},"line":12},"3":{"name":"(anonymous_3)","decl":{"start":{"line":15,"column":18},"end":{"line":15,"column":19}},"loc":{"start":{"line":16,"column":8},"end":{"line":18,"column":null}},"line":16},"4":{"name":"(anonymous_4)","decl":{"start":{"line":16,"column":12},"end":{"line":16,"column":13}},"loc":{"start":{"line":16,"column":24},"end":{"line":18,"column":10}},"line":16},"5":{"name":"(anonymous_5)","decl":{"start":{"line":17,"column":36},"end":{"line":17,"column":37}},"loc":{"start":{"line":17,"column":46},"end":{"line":17,"column":60}},"line":17},"6":{"name":"(anonymous_6)","decl":{"start":{"line":19,"column":18},"end":{"line":19,"column":19}},"loc":{"start":{"line":20,"column":8},"end":{"line":24,"column":null}},"line":20},"7":{"name":"(anonymous_7)","decl":{"start":{"line":20,"column":12},"end":{"line":20,"column":13}},"loc":{"start":{"line":20,"column":24},"end":{"line":24,"column":10}},"line":20},"8":{"name":"(anonymous_8)","decl":{"start":{"line":21,"column":33},"end":{"line":21,"column":34}},"loc":{"start":{"line":22,"column":12},"end":{"line":22,"column":null}},"line":22},"9":{"name":"(anonymous_9)","decl":{"start":{"line":25,"column":17},"end":{"line":25,"column":18}},"loc":{"start":{"line":26,"column":8},"end":{"line":29,"column":null}},"line":26},"10":{"name":"(anonymous_10)","decl":{"start":{"line":26,"column":12},"end":{"line":26,"column":13}},"loc":{"start":{"line":26,"column":24},"end":{"line":29,"column":10}},"line":26},"11":{"name":"(anonymous_11)","decl":{"start":{"line":30,"column":22},"end":{"line":30,"column":23}},"loc":{"start":{"line":31,"column":8},"end":{"line":34,"column":null}},"line":31},"12":{"name":"(anonymous_12)","decl":{"start":{"line":31,"column":12},"end":{"line":31,"column":13}},"loc":{"start":{"line":31,"column":24},"end":{"line":34,"column":10}},"line":31},"13":{"name":"(anonymous_13)","decl":{"start":{"line":35,"column":24},"end":{"line":35,"column":null}},"loc":{"start":{"line":36,"column":8},"end":{"line":39,"column":null}},"line":36},"14":{"name":"(anonymous_14)","decl":{"start":{"line":36,"column":12},"end":{"line":36,"column":13}},"loc":{"start":{"line":36,"column":24},"end":{"line":39,"column":10}},"line":36},"15":{"name":"(anonymous_15)","decl":{"start":{"line":43,"column":18},"end":{"line":43,"column":19}},"loc":{"start":{"line":43,"column":30},"end":{"line":46,"column":null}},"line":43}},"branchMap":{"0":{"loc":{"start":{"line":22,"column":12},"end":{"line":22,"column":null}},"type":"cond-expr","locations":[{"start":{"line":22,"column":41},"end":{"line":22,"column":55}},{"start":{"line":22,"column":55},"end":{"line":22,"column":null}}],"line":22}},"s":{"0":1,"1":1,"2":3,"3":3,"4":1,"5":1,"6":1,"7":1,"8":1,"9":1,"10":1,"11":1,"12":0,"13":0,"14":0,"15":0,"16":10},"f":{"0":1,"1":3,"2":3,"3":1,"4":1,"5":1,"6":1,"7":1,"8":1,"9":1,"10":1,"11":0,"12":0,"13":0,"14":0,"15":10},"b":{"0":[1,0]},"meta":{"lastBranch":1,"lastFunction":16,"lastStatement":17,"seen":{"s:5:13:49:Infinity":0,"f:7:4:7:5":0,"s:7:14:40:Infinity":1,"f:11:15:11:16":1,"s:12:8:14:Infinity":2,"f:12:12:12:13":2,"s:12:24:14:10":3,"f:15:18:15:19":3,"s:16:8:18:Infinity":4,"f:16:12:16:13":4,"s:16:24:18:10":5,"f:17:36:17:37":5,"s:17:46:17:60":6,"f:19:18:19:19":6,"s:20:8:24:Infinity":7,"f:20:12:20:13":7,"s:20:24:24:10":8,"f:21:33:21:34":8,"s:22:12:22:Infinity":9,"b:22:41:22:55:22:55:22:Infinity":0,"f:25:17:25:18":9,"s:26:8:29:Infinity":10,"f:26:12:26:13":10,"s:26:24:29:10":11,"f:30:22:30:23":11,"s:31:8:34:Infinity":12,"f:31:12:31:13":12,"s:31:24:34:10":13,"f:35:24:35:Infinity":13,"s:36:8:39:Infinity":14,"f:36:12:36:13":14,"s:36:24:39:10":15,"f:43:18:43:19":15,"s:43:30:46:Infinity":16}}}
}
